# JRE version: Java(TM) SE Runtime Environment (8.0_201-b09) (build 1.8.0_201-b09)
# Java VM: Java HotSpot(TM) 64-Bit Server VM (25.201-b09 mixed mode bsd-amd64 compressed oops)
Heap:
 PSYoungGen      total 9216K, used 8192K [0x00000007bf600000, 0x00000007c0000000, 0x00000007c0000000)
  eden space 8192K, 100% used [0x00000007bf600000,0x00000007bfe00000,0x00000007bfe00000)
  from space 1024K, 0% used [0x00000007bfe00000,0x00000007bfe00000,0x00000007bff00000)
  to   space 1024K, 0% used [0x00000007bff00000,0x00000007bff00000,0x00000007c0000000)
 ParOldGen       total 40960K, used 40641K [0x00000007bce00000, 0x00000007bf600000, 0x00000007bf600000)
  object space 40960K, 99% used [0x00000007bce00000,0x00000007bf5b05e0,0x00000007bf600000)
 Metaspace       used 3176K, capacity 4496K, committed 4864K, reserved 1056768K
  class space    used 349K, capacity 388K, committed 512K, reserved 1048576K
GC Heap History (10 events):
Event: 7.271 GC heap before
{Heap before GC invocations=45 (full 40):
 PSYoungGen      total 9216K, used 8192K [0x00000007bf600000, 0x00000007c0000000, 0x00000007c0000000)
  eden space 8192K, 100% used [0x00000007bf600000,0x00000007bfe00000,0x00000007bfe00000)
  from space 1024K, 0% used [0x00000007bfe00000,0x00000007bfe00000,0x00000007bff00000)
  to   space 1024K, 0% used [0x00000007bff00000,0x00000007bff00000,0x00000007c0000000)
 ParOldGen       total 40960K, used 40630K [0x00000007bce00000, 0x00000007bf600000, 0x00000007bf600000)
  object space 40960K, 99% used [0x00000007bce00000,0x00000007bf5ad860,0x00000007bf600000)
 Metaspace       used 3168K, capacity 4496K, committed 4864K, reserved 1056768K
  class space    used 347K, capacity 388K, committed 512K, reserved 1048576K
Event: 7.449 GC heap after
Heap after GC invocations=45 (full 40):
 PSYoungGen      total 9216K, used 8192K [0x00000007bf600000, 0x00000007c0000000, 0x00000007c0000000)
  eden space 8192K, 100% used [0x00000007bf600000,0x00000007bfe00000,0x00000007bfe00000)
  from space 1024K, 0% used [0x00000007bfe00000,0x00000007bfe00000,0x00000007bff00000)
  to   space 1024K, 0% used [0x00000007bff00000,0x00000007bff00000,0x00000007c0000000)
 ParOldGen       total 40960K, used 40630K [0x00000007bce00000, 0x00000007bf600000, 0x00000007bf600000)
  object space 40960K, 99% used [0x00000007bce00000,0x00000007bf5ad860,0x00000007bf600000)
 Metaspace       used 3168K, capacity 4496K, committed 4864K, reserved 1056768K
  class space    used 347K, capacity 388K, committed 512K, reserved 1048576K
}
Event: 7.449 GC heap before
{Heap before GC invocations=46 (full 41):
 PSYoungGen      total 9216K, used 8192K [0x00000007bf600000, 0x00000007c0000000, 0x00000007c0000000)
  eden space 8192K, 100% used [0x00000007bf600000,0x00000007bfe00000,0x00000007bfe00000)
  from space 1024K, 0% used [0x00000007bfe00000,0x00000007bfe00000,0x00000007bff00000)
  to   space 1024K, 0% used [0x00000007bff00000,0x00000007bff00000,0x00000007c0000000)
 ParOldGen       total 40960K, used 40631K [0x00000007bce00000, 0x00000007bf600000, 0x00000007bf600000)
  object space 40960K, 99% used [0x00000007bce00000,0x00000007bf5ade60,0x00000007bf600000)
 Metaspace       used 3168K, capacity 4496K, committed 4864K, reserved 1056768K
  class space    used 347K, capacity 388K, committed 512K, reserved 1048576K
Event: 7.627 GC heap after
Heap after GC invocations=46 (full 41):
 PSYoungGen      total 9216K, used 8192K [0x00000007bf600000, 0x00000007c0000000, 0x00000007c0000000)
  eden space 8192K, 100% used [0x00000007bf600000,0x00000007bfe00000,0x00000007bfe00000)
  from space 1024K, 0% used [0x00000007bfe00000,0x00000007bfe00000,0x00000007bff00000)
  to   space 1024K, 0% used [0x00000007bff00000,0x00000007bff00000,0x00000007c0000000)
 ParOldGen       total 40960K, used 40631K [0x00000007bce00000, 0x00000007bf600000, 0x00000007bf600000)
  object space 40960K, 99% used [0x00000007bce00000,0x00000007bf5ade60,0x00000007bf600000)
 Metaspace       used 3168K, capacity 4496K, committed 4864K, reserved 1056768K
  class space    used 347K, capacity 388K, committed 512K, reserved 1048576K
}
Event: 7.628 GC heap before
{Heap before GC invocations=47 (full 42):
 PSYoungGen      total 9216K, used 8192K [0x00000007bf600000, 0x00000007c0000000, 0x00000007c0000000)
  eden space 8192K, 100% used [0x00000007bf600000,0x00000007bfe00000,0x00000007bfe00000)
  from space 1024K, 0% used [0x00000007bfe00000,0x00000007bfe00000,0x00000007bff00000)
  to   space 1024K, 0% used [0x00000007bff00000,0x00000007bff00000,0x00000007c0000000)
 ParOldGen       total 40960K, used 40633K [0x00000007bce00000, 0x00000007bf600000, 0x00000007bf600000)
  object space 40960K, 99% used [0x00000007bce00000,0x00000007bf5ae470,0x00000007bf600000)
 Metaspace       used 3168K, capacity 4496K, committed 4864K, reserved 1056768K
  class space    used 347K, capacity 388K, committed 512K, reserved 1048576K
Event: 7.806 GC heap after
Heap after GC invocations=47 (full 42):
 PSYoungGen      total 9216K, used 8192K [0x00000007bf600000, 0x00000007c0000000, 0x00000007c0000000)
  eden space 8192K, 100% used [0x00000007bf600000,0x00000007bfe00000,0x00000007bfe00000)
  from space 1024K, 0% used [0x00000007bfe00000,0x00000007bfe00000,0x00000007bff00000)
  to   space 1024K, 0% used [0x00000007bff00000,0x00000007bff00000,0x00000007c0000000)
 ParOldGen       total 40960K, used 40633K [0x00000007bce00000, 0x00000007bf600000, 0x00000007bf600000)
  object space 40960K, 99% used [0x00000007bce00000,0x00000007bf5ae470,0x00000007bf600000)
 Metaspace       used 3168K, capacity 4496K, committed 4864K, reserved 1056768K
  class space    used 347K, capacity 388K, committed 512K, reserved 1048576K
}
Event: 7.806 GC heap before
{Heap before GC invocations=48 (full 43):
 PSYoungGen      total 9216K, used 8192K [0x00000007bf600000, 0x00000007c0000000, 0x00000007c0000000)
  eden space 8192K, 100% used [0x00000007bf600000,0x00000007bfe00000,0x00000007bfe00000)
  from space 1024K, 0% used [0x00000007bfe00000,0x00000007bfe00000,0x00000007bff00000)
  to   space 1024K, 0% used [0x00000007bff00000,0x00000007bff00000,0x00000007c0000000)
 ParOldGen       total 40960K, used 40634K [0x00000007bce00000, 0x00000007bf600000, 0x00000007bf600000)
  object space 40960K, 99% used [0x00000007bce00000,0x00000007bf5aea70,0x00000007bf600000)
 Metaspace       used 3168K, capacity 4496K, committed 4864K, reserved 1056768K
  class space    used 347K, capacity 388K, committed 512K, reserved 1048576K
Event: 7.984 GC heap after
Heap after GC invocations=48 (full 43):
 PSYoungGen      total 9216K, used 8192K [0x00000007bf600000, 0x00000007c0000000, 0x00000007c0000000)
  eden space 8192K, 100% used [0x00000007bf600000,0x00000007bfe00000,0x00000007bfe00000)
  from space 1024K, 0% used [0x00000007bfe00000,0x00000007bfe00000,0x00000007bff00000)
  to   space 1024K, 0% used [0x00000007bff00000,0x00000007bff00000,0x00000007c0000000)
 ParOldGen       total 40960K, used 40634K [0x00000007bce00000, 0x00000007bf600000, 0x00000007bf600000)
  object space 40960K, 99% used [0x00000007bce00000,0x00000007bf5ae9f8,0x00000007bf600000)
 Metaspace       used 3168K, capacity 4496K, committed 4864K, reserved 1056768K
  class space    used 347K, capacity 388K, committed 512K, reserved 1048576K
}
Event: 7.984 GC heap before
{Heap before GC invocations=49 (full 44):
 PSYoungGen      total 9216K, used 8192K [0x00000007bf600000, 0x00000007c0000000, 0x00000007c0000000)
  eden space 8192K, 100% used [0x00000007bf600000,0x00000007bfe00000,0x00000007bfe00000)
  from space 1024K, 0% used [0x00000007bfe00000,0x00000007bfe00000,0x00000007bff00000)
  to   space 1024K, 0% used [0x00000007bff00000,0x00000007bff00000,0x00000007c0000000)
 ParOldGen       total 40960K, used 40635K [0x00000007bce00000, 0x00000007bf600000, 0x00000007bf600000)
  object space 40960K, 99% used [0x00000007bce00000,0x00000007bf5aeff8,0x00000007bf600000)
 Metaspace       used 3168K, capacity 4496K, committed 4864K, reserved 1056768K
  class space    used 347K, capacity 388K, committed 512K, reserved 1048576K
Event: 8.162 GC heap after
Heap after GC invocations=49 (full 44):
 PSYoungGen      total 9216K, used 8192K [0x00000007bf600000, 0x00000007c0000000, 0x00000007c0000000)
  eden space 8192K, 100% used [0x00000007bf600000,0x00000007bfe00000,0x00000007bfe00000)
  from space 1024K, 0% used [0x00000007bfe00000,0x00000007bfe00000,0x00000007bff00000)
  to   space 1024K, 0% used [0x00000007bff00000,0x00000007bff00000,0x00000007c0000000)
 ParOldGen       total 40960K, used 40635K [0x00000007bce00000, 0x00000007bf600000, 0x00000007bf600000)
  object space 40960K, 99% used [0x00000007bce00000,0x00000007bf5aeff8,0x00000007bf600000)
 Metaspace       used 3168K, capacity 4496K, committed 4864K, reserved 1056768K
  class space    used 347K, capacity 388K, committed 512K, reserved 1048576K
}

